[29/Aug/2020:16:21:00] (I): WordPress Instance Info:
[29/Aug/2020:16:21:00] (I): Home URL : http://localhost/wordpress
[29/Aug/2020:16:21:00] (I): Site URL : http://localhost/wordpress
[29/Aug/2020:16:21:00] (I): WordPress Version : 5.5
[29/Aug/2020:16:21:00] (I): Onboarding Version : 1.0.9
[29/Aug/2020:16:21:00] (I): Multisite : No
[29/Aug/2020:16:21:00] (I): Server Info : Apache/2.4.46 (Win64) PHP/7.3.21
[29/Aug/2020:16:21:00] (I): PHP Version : 7.3.21
[29/Aug/2020:16:21:00] (I): HTTPS : No
[29/Aug/2020:16:21:00] (I): PHP Max Execution Time : 120
[29/Aug/2020:16:21:00] (I): PHP Max Input Vars : 2500
[29/Aug/2020:16:21:00] (I): Max Upload Size : 2097152
[29/Aug/2020:16:21:00] (I): Plugins:
[29/Aug/2020:16:21:00] (I): [PLUGIN] Elementor : v3.0.3 (Elementor.com)
[29/Aug/2020:16:21:00] (I): [PLUGIN] WP2Static : v6.6.7 (Leon Stafford)
[29/Aug/2020:16:21:00] (I): [PLUGIN] Templates Patterns Collection : v1.0.9 (ThemeIsle)
[29/Aug/2020:16:21:00] (I): [PLUGIN] Orbit Fox Companion : v2.9.16 (Themeisle)
[29/Aug/2020:16:21:00] (I): [PLUGIN] WooCommerce : v4.4.1 (Automattic)
[29/Aug/2020:16:21:00] (P): Saving remote XML
[29/Aug/2020:16:21:01] (S): Saved remote XML at path D:\wamp64\www\wordpress/wp-content/uploads/themeisle-demo-import.xml.
[29/Aug/2020:16:21:01] (P): Starting content import...
[29/Aug/2020:16:21:01] (S): Import started.
[29/Aug/2020:16:21:01] (S): Parsing XML file.
[29/Aug/2020:16:21:01] (P): Starting parsing file:D:\wamp64\www\wordpress/wp-content/uploads/themeisle-demo-import.xml
[29/Aug/2020:16:21:01] (P): Using WXR_Parser_SimpleXML...
[29/Aug/2020:16:21:01] (S): Parsed XML
[29/Aug/2020:16:21:01] (P): Processing categories...
[29/Aug/2020:16:21:01] (S): Processed categories.
[29/Aug/2020:16:21:01] (P): Processing tags...
[29/Aug/2020:16:21:01] (S): No tags to process.
[29/Aug/2020:16:21:01] (P): Processing terms...
[29/Aug/2020:16:21:01] (S): Processed terms.
[29/Aug/2020:16:21:01] (P): Processing posts...
[29/Aug/2020:16:21:01] (P): Processing attachment: https://s33834.pcdn.co/shop/wp-content/uploads/sites/188/2019/03/nv-shop-slide1.jpg...
[29/Aug/2020:16:21:01] (P): Fetching attachment from url: https://s33834.pcdn.co/shop/wp-content/uploads/sites/188/2019/03/nv-shop-slide1.jpg...
[29/Aug/2020:16:21:03] (S): Fetched remote attachment.
[29/Aug/2020:16:21:03] (P): Inserting attachment...
[29/Aug/2020:16:21:03] (S): Attachment inserted
[29/Aug/2020:16:21:03] (S): Processed attachment.
[29/Aug/2020:16:21:03] (P): Processing attachment: https://s33834.pcdn.co/shop/wp-content/uploads/sites/188/2019/04/placeholder-image.png...
[29/Aug/2020:16:21:03] (P): Fetching attachment from url: https://s33834.pcdn.co/shop/wp-content/uploads/sites/188/2019/04/placeholder-image.png...
[29/Aug/2020:16:21:03] (S): Fetched remote attachment.
[29/Aug/2020:16:21:03] (P): Inserting attachment...
[29/Aug/2020:16:21:03] (S): Attachment inserted
[29/Aug/2020:16:21:03] (S): Processed attachment.
[29/Aug/2020:16:21:03] (P): Processing attachment: https://s33834.pcdn.co/shop/wp-content/uploads/sites/188/2019/03/ayo-ogunseinde-6W4F62sN_yI-unsplash-1.jpg...
[29/Aug/2020:16:21:03] (P): Fetching attachment from url: https://s33834.pcdn.co/shop/wp-content/uploads/sites/188/2019/03/ayo-ogunseinde-6W4F62sN_yI-unsplash-1.jpg...
[29/Aug/2020:16:21:04] (S): Fetched remote attachment.
[29/Aug/2020:16:21:04] (P): Inserting attachment...
[29/Aug/2020:16:21:04] (S): Attachment inserted
[29/Aug/2020:16:21:04] (S): Processed attachment.
[29/Aug/2020:16:21:04] (P): Processing attachment: https://s33834.pcdn.co/shop/wp-content/uploads/sites/188/2019/03/fezbot2000-nahUo1GhcrA-unsplash.jpg...
[29/Aug/2020:16:21:04] (P): Fetching attachment from url: https://s33834.pcdn.co/shop/wp-content/uploads/sites/188/2019/03/fezbot2000-nahUo1GhcrA-unsplash.jpg...
[29/Aug/2020:16:21:05] (S): Fetched remote attachment.
[29/Aug/2020:16:21:05] (P): Inserting attachment...
[29/Aug/2020:16:21:05] (S): Attachment inserted
[29/Aug/2020:16:21:05] (S): Processed attachment.
[29/Aug/2020:16:21:05] (P): Processing attachment: https://s33834.pcdn.co/shop/wp-content/uploads/sites/188/2019/03/guilherme-stecanella-9qquJNwMOos-unsplash-1.jpg...
[29/Aug/2020:16:21:05] (P): Fetching attachment from url: https://s33834.pcdn.co/shop/wp-content/uploads/sites/188/2019/03/guilherme-stecanella-9qquJNwMOos-unsplash-1.jpg...
[29/Aug/2020:16:21:05] (S): Fetched remote attachment.
[29/Aug/2020:16:21:05] (P): Inserting attachment...
[29/Aug/2020:16:21:05] (S): Attachment inserted
[29/Aug/2020:16:21:05] (S): Processed attachment.
[29/Aug/2020:16:21:05] (P): Processing attachment: https://s33834.pcdn.co/shop/wp-content/uploads/sites/188/2019/03/kal-visuals-emxAxutgt-A-unsplash.jpg...
[29/Aug/2020:16:21:05] (P): Fetching attachment from url: https://s33834.pcdn.co/shop/wp-content/uploads/sites/188/2019/03/kal-visuals-emxAxutgt-A-unsplash.jpg...
[29/Aug/2020:16:21:05] (S): Fetched remote attachment.
[29/Aug/2020:16:21:05] (P): Inserting attachment...
[29/Aug/2020:16:21:05] (S): Attachment inserted
[29/Aug/2020:16:21:05] (S): Processed attachment.
[29/Aug/2020:16:21:05] (P): Processing attachment: https://s33834.pcdn.co/shop/wp-content/uploads/sites/188/2019/03/marius-held-gzXThS9ONoI-unsplash.jpg...
[29/Aug/2020:16:21:05] (P): Fetching attachment from url: https://s33834.pcdn.co/shop/wp-content/uploads/sites/188/2019/03/marius-held-gzXThS9ONoI-unsplash.jpg...
[29/Aug/2020:16:21:06] (S): Fetched remote attachment.
[29/Aug/2020:16:21:06] (P): Inserting attachment...
[29/Aug/2020:16:21:06] (S): Attachment inserted
[29/Aug/2020:16:21:06] (S): Processed attachment.
[29/Aug/2020:16:21:06] (P): Processing attachment: https://s33834.pcdn.co/shop/wp-content/uploads/sites/188/2019/03/monica-silva-VlMMBxSZuSI-unsplash-1.jpg...
[29/Aug/2020:16:21:06] (P): Fetching attachment from url: https://s33834.pcdn.co/shop/wp-content/uploads/sites/188/2019/03/monica-silva-VlMMBxSZuSI-unsplash-1.jpg...
[29/Aug/2020:16:21:06] (S): Fetched remote attachment.
[29/Aug/2020:16:21:06] (P): Inserting attachment...
[29/Aug/2020:16:21:06] (S): Attachment inserted
[29/Aug/2020:16:21:06] (S): Processed attachment.
[29/Aug/2020:16:21:06] (P): Processing attachment: https://s33834.pcdn.co/shop/wp-content/uploads/sites/188/2019/03/roland-denes-QT94VAhgzsE-unsplash-1.jpg...
[29/Aug/2020:16:21:06] (P): Fetching attachment from url: https://s33834.pcdn.co/shop/wp-content/uploads/sites/188/2019/03/roland-denes-QT94VAhgzsE-unsplash-1.jpg...
[29/Aug/2020:16:21:07] (S): Fetched remote attachment.
[29/Aug/2020:16:21:07] (P): Inserting attachment...
[29/Aug/2020:16:21:07] (S): Attachment inserted
[29/Aug/2020:16:21:07] (S): Processed attachment.
[29/Aug/2020:16:21:07] (P): Processing attachment: https://s33834.pcdn.co/shop/wp-content/uploads/sites/188/2019/03/tamara-bellis-XGhtJXY-yY-unsplash-1.jpg...
[29/Aug/2020:16:21:07] (P): Fetching attachment from url: https://s33834.pcdn.co/shop/wp-content/uploads/sites/188/2019/03/tamara-bellis-XGhtJXY-yY-unsplash-1.jpg...
[29/Aug/2020:16:21:08] (S): Fetched remote attachment.
[29/Aug/2020:16:21:08] (P): Inserting attachment...
[29/Aug/2020:16:21:08] (S): Attachment inserted
[29/Aug/2020:16:21:08] (S): Processed attachment.
[29/Aug/2020:16:21:08] (P): Processing attachment: https://s33834.pcdn.co/shop/wp-content/uploads/sites/188/2019/03/tamara-bellis-9p8UKueTork-unsplash.jpg...
[29/Aug/2020:16:21:08] (P): Fetching attachment from url: https://s33834.pcdn.co/shop/wp-content/uploads/sites/188/2019/03/tamara-bellis-9p8UKueTork-unsplash.jpg...
[29/Aug/2020:16:21:08] (S): Fetched remote attachment.
[29/Aug/2020:16:21:08] (P): Inserting attachment...
[29/Aug/2020:16:21:08] (S): Attachment inserted
[29/Aug/2020:16:21:08] (S): Processed attachment.
[29/Aug/2020:16:21:08] (P): Processing attachment: https://s33834.pcdn.co/shop/wp-content/uploads/sites/188/2019/07/yuiizaa-september-orYix9zFUZo-unsplash.jpg...
[29/Aug/2020:16:21:08] (P): Fetching attachment from url: https://s33834.pcdn.co/shop/wp-content/uploads/sites/188/2019/07/yuiizaa-september-orYix9zFUZo-unsplash.jpg...
[29/Aug/2020:16:21:09] (S): Fetched remote attachment.
[29/Aug/2020:16:21:09] (P): Inserting attachment...
[29/Aug/2020:16:21:09] (S): Attachment inserted
[29/Aug/2020:16:21:09] (S): Processed attachment.
[29/Aug/2020:16:21:09] (P): Processing attachment: https://s33834.pcdn.co/shop/wp-content/uploads/sites/188/2019/07/joshua-rawson-harris-bMMOBVp6KQU-unsplash.jpg...
[29/Aug/2020:16:21:09] (P): Fetching attachment from url: https://s33834.pcdn.co/shop/wp-content/uploads/sites/188/2019/07/joshua-rawson-harris-bMMOBVp6KQU-unsplash.jpg...
[29/Aug/2020:16:21:10] (S): Fetched remote attachment.
[29/Aug/2020:16:21:10] (P): Inserting attachment...
[29/Aug/2020:16:21:10] (S): Attachment inserted
[29/Aug/2020:16:21:10] (S): Processed attachment.
[29/Aug/2020:16:21:10] (P): Processing attachment: https://s33834.pcdn.co/shop/wp-content/uploads/sites/188/2019/07/aldair-vargas-3JPxEsnwNrM-unsplash.jpg...
[29/Aug/2020:16:21:10] (P): Fetching attachment from url: https://s33834.pcdn.co/shop/wp-content/uploads/sites/188/2019/07/aldair-vargas-3JPxEsnwNrM-unsplash.jpg...
[29/Aug/2020:16:21:10] (S): Fetched remote attachment.
[29/Aug/2020:16:21:10] (P): Inserting attachment...
[29/Aug/2020:16:21:10] (S): Attachment inserted
[29/Aug/2020:16:21:10] (S): Processed attachment.
[29/Aug/2020:16:21:10] (P): Processing attachment: https://s33834.pcdn.co/shop/wp-content/uploads/sites/188/2019/07/whereslugo-croTkGSyM64-unsplash.jpg...
[29/Aug/2020:16:21:10] (P): Fetching attachment from url: https://s33834.pcdn.co/shop/wp-content/uploads/sites/188/2019/07/whereslugo-croTkGSyM64-unsplash.jpg...
[29/Aug/2020:16:21:11] (S): Fetched remote attachment.
[29/Aug/2020:16:21:11] (P): Inserting attachment...
[29/Aug/2020:16:21:11] (S): Attachment inserted
[29/Aug/2020:16:21:11] (S): Processed attachment.
[29/Aug/2020:16:21:11] (P): Processing attachment: https://s33834.pcdn.co/shop/wp-content/uploads/sites/188/2019/07/alex-perez-VLPLo-GtrIE-unsplash.jpg...
[29/Aug/2020:16:21:11] (P): Fetching attachment from url: https://s33834.pcdn.co/shop/wp-content/uploads/sites/188/2019/07/alex-perez-VLPLo-GtrIE-unsplash.jpg...
[29/Aug/2020:16:21:11] (S): Fetched remote attachment.
[29/Aug/2020:16:21:11] (P): Inserting attachment...
[29/Aug/2020:16:21:11] (S): Attachment inserted
[29/Aug/2020:16:21:11] (S): Processed attachment.
[29/Aug/2020:16:21:11] (P): Processing attachment: https://s33834.pcdn.co/shop/wp-content/uploads/sites/188/2019/07/daniel-monteiro-u8yJtV_9M9U-unsplash.jpg...
[29/Aug/2020:16:21:11] (P): Fetching attachment from url: https://s33834.pcdn.co/shop/wp-content/uploads/sites/188/2019/07/daniel-monteiro-u8yJtV_9M9U-unsplash.jpg...
[29/Aug/2020:16:21:11] (S): Fetched remote attachment.
[29/Aug/2020:16:21:11] (P): Inserting attachment...
[29/Aug/2020:16:21:11] (S): Attachment inserted
[29/Aug/2020:16:21:11] (S): Processed attachment.
[29/Aug/2020:16:21:11] (P): Processing attachment: https://s33834.pcdn.co/shop/wp-content/uploads/sites/188/2019/03/james-connolly-WUo0EdSv9OU-unsplash.jpg...
[29/Aug/2020:16:21:11] (P): Fetching attachment from url: https://s33834.pcdn.co/shop/wp-content/uploads/sites/188/2019/03/james-connolly-WUo0EdSv9OU-unsplash.jpg...
[29/Aug/2020:16:21:11] (S): Fetched remote attachment.
[29/Aug/2020:16:21:11] (P): Inserting attachment...
[29/Aug/2020:16:21:11] (S): Attachment inserted
[29/Aug/2020:16:21:11] (S): Processed attachment.
[29/Aug/2020:16:21:11] (P): Processing attachment: https://s33834.pcdn.co/shop/wp-content/uploads/sites/188/2019/03/khachik-simonian-nXOB-wh4Oyc-unsplash.jpg...
[29/Aug/2020:16:21:11] (P): Fetching attachment from url: https://s33834.pcdn.co/shop/wp-content/uploads/sites/188/2019/03/khachik-simonian-nXOB-wh4Oyc-unsplash.jpg...
[29/Aug/2020:16:21:12] (S): Fetched remote attachment.
[29/Aug/2020:16:21:12] (P): Inserting attachment...
[29/Aug/2020:16:21:12] (S): Attachment inserted
[29/Aug/2020:16:21:12] (S): Processed attachment.
[29/Aug/2020:16:21:12] (P): Processing attachment: https://s33834.pcdn.co/shop/wp-content/uploads/sites/188/2019/03/alex-perez-NLUkAA-nDdE-unsplash.jpg...
[29/Aug/2020:16:21:12] (P): Fetching attachment from url: https://s33834.pcdn.co/shop/wp-content/uploads/sites/188/2019/03/alex-perez-NLUkAA-nDdE-unsplash.jpg...
[29/Aug/2020:16:21:13] (S): Fetched remote attachment.
[29/Aug/2020:16:21:13] (P): Inserting attachment...
[29/Aug/2020:16:21:13] (S): Attachment inserted
[29/Aug/2020:16:21:13] (S): Processed attachment.
[29/Aug/2020:16:21:13] (P): Inserting page: Home .
[29/Aug/2020:16:21:13] (S): Done inserting page: Home .
[29/Aug/2020:16:21:13] (P): Filtering elementor meta...
[29/Aug/2020:16:21:13] (S): Filtered elementor meta.
[29/Aug/2020:16:21:13] (P): Inserting custom_css: neve .
[29/Aug/2020:16:21:13] (S): Done inserting custom_css: neve .
[29/Aug/2020:16:21:13] (P): Inserting page: Shop .
[29/Aug/2020:16:21:13] (S): Done inserting page: Shop .
[29/Aug/2020:16:21:13] (P): Inserting page: Cart .
[29/Aug/2020:16:21:13] (S): Done inserting page: Cart .
[29/Aug/2020:16:21:13] (P): Inserting page: Checkout .
[29/Aug/2020:16:21:13] (S): Done inserting page: Checkout .
[29/Aug/2020:16:21:13] (P): Inserting page: My account .
[29/Aug/2020:16:21:13] (S): Done inserting page: My account .
[29/Aug/2020:16:21:13] (P): Inserting page: About Us .
[29/Aug/2020:16:21:13] (S): Done inserting page: About Us .
[29/Aug/2020:16:21:13] (P): Filtering elementor meta...
[29/Aug/2020:16:21:13] (S): Filtered elementor meta.
[29/Aug/2020:16:21:13] (P): Inserting page: Contact .
[29/Aug/2020:16:21:13] (S): Done inserting page: Contact .
[29/Aug/2020:16:21:13] (P): Filtering elementor meta...
[29/Aug/2020:16:21:13] (S): Filtered elementor meta.
[29/Aug/2020:16:21:13] (P): Inserting page: Blog .
[29/Aug/2020:16:21:13] (S): Done inserting page: Blog .
[29/Aug/2020:16:21:13] (P): Processing single menu item ' '...
[29/Aug/2020:16:21:13] (S): Processed single menu item.
[29/Aug/2020:16:21:13] (P): Processing single menu item ' '...
[29/Aug/2020:16:21:13] (S): Processed single menu item.
[29/Aug/2020:16:21:13] (P): Processing single menu item ' About '...
[29/Aug/2020:16:21:13] (S): Processed single menu item.
[29/Aug/2020:16:21:13] (P): Processing single menu item ' '...
[29/Aug/2020:16:21:13] (S): Processed single menu item.
[29/Aug/2020:16:21:13] (P): Processing single menu item ' '...
[29/Aug/2020:16:21:13] (S): Processed single menu item.
[29/Aug/2020:16:21:13] (P): Processing single menu item ' '...
[29/Aug/2020:16:21:13] (S): Processed single menu item.
[29/Aug/2020:16:21:13] (P): Processing single menu item ' '...
[29/Aug/2020:16:21:13] (S): Processed single menu item.
[29/Aug/2020:16:21:13] (P): Processing single menu item ' '...
[29/Aug/2020:16:21:13] (S): Processed single menu item.
[29/Aug/2020:16:21:13] (P): Processing single menu item ' Hats '...
[29/Aug/2020:16:21:13] (S): Processed single menu item.
[29/Aug/2020:16:21:13] (P): Processing single menu item ' '...
[29/Aug/2020:16:21:13] (S): Processed single menu item.
[29/Aug/2020:16:21:13] (P): Processing attachment: https://s33834.pcdn.co/shop/wp-content/uploads/sites/188/woocommerce-placeholder.png...
[29/Aug/2020:16:21:13] (P): Fetching attachment from url: https://s33834.pcdn.co/shop/wp-content/uploads/sites/188/woocommerce-placeholder.png...
[29/Aug/2020:16:21:14] (S): Fetched remote attachment.
[29/Aug/2020:16:21:14] (P): Inserting attachment...
[29/Aug/2020:16:21:14] (S): Attachment inserted
[29/Aug/2020:16:21:14] (S): Processed attachment.
[29/Aug/2020:16:21:14] (P): Inserting product: Black Hat .
[29/Aug/2020:16:21:14] (S): Done inserting product: Black Hat .
[29/Aug/2020:16:21:14] (P): Inserting product: White Blouse .
[29/Aug/2020:16:21:14] (S): Done inserting product: White Blouse .
[29/Aug/2020:16:21:14] (P): Inserting product: Black Dress .
[29/Aug/2020:16:21:14] (S): Done inserting product: Black Dress .
[29/Aug/2020:16:21:14] (P): Inserting product: Blue Sweater .
[29/Aug/2020:16:21:14] (S): Done inserting product: Blue Sweater .
[29/Aug/2020:16:21:14] (P): Inserting product: Infuse Tshirt .
[29/Aug/2020:16:21:14] (S): Done inserting product: Infuse Tshirt .
[29/Aug/2020:16:21:14] (P): Inserting product: Striped dress .
[29/Aug/2020:16:21:14] (S): Done inserting product: Striped dress .
[29/Aug/2020:16:21:14] (P): Inserting product: Custom Tee .
[29/Aug/2020:16:21:14] (S): Done inserting product: Custom Tee .
[29/Aug/2020:16:21:14] (P): Inserting product: Leather Jacket .
[29/Aug/2020:16:21:14] (S): Done inserting product: Leather Jacket .
[29/Aug/2020:16:21:14] (P): Inserting product: Red Socks .
[29/Aug/2020:16:21:14] (S): Done inserting product: Red Socks .
[29/Aug/2020:16:21:14] (P): Inserting post: Everything Mobile-Friendly and Responsive .
[29/Aug/2020:16:21:14] (S): Done inserting post: Everything Mobile-Friendly and Responsive .
[29/Aug/2020:16:21:14] (P): Inserting post: Video Post .
[29/Aug/2020:16:21:15] (S): Done inserting post: Video Post .
[29/Aug/2020:16:21:15] (P): Inserting post: Blog Post Title .
[29/Aug/2020:16:21:15] (S): Done inserting post: Blog Post Title .
[29/Aug/2020:16:21:15] (S): Processed posts.
[29/Aug/2020:16:21:15] (P): Cleaning up import with id ...
[29/Aug/2020:16:21:15] (P): Done cleanup. Flushing cache...
[29/Aug/2020:16:21:15] (P): Flushed cache. Removing temporary data..
[29/Aug/2020:16:21:15] (S): Done importing
[29/Aug/2020:16:21:15] (P): Busting elementor cache
[29/Aug/2020:16:21:15] (S): Front page set up with id: 5.
[29/Aug/2020:16:21:15] (P): Setting up shop page.
[29/Aug/2020:16:21:15] (S): Shop pages set up.
